<?xml version="1.0" encoding="UTF-8"?>
<!-- Generated by org.testng.reporters.JUnitReportReporter -->
<testsuite hostname="MT-PF1F14DK" failures="0" tests="1" name="com.runner.BbcEditorPickTest" time="19.592" errors="0" timestamp="2022-07-11T13:15:38 IST" skipped="0">
  <testcase classname="com.runner.BbcEditorPickTest" name="editorPickTest" time="19.592"/>
  <system-out/>
</testsuite> <!-- com.runner.BbcEditorPickTest -->
